app/build/intermediates/manifest_merge_blame_file/debug/manifest-merger-blame-debug-report.txt
1<?xml version="1.0" encoding="utf-8"?>
2<manifest xmlns:android="http://schemas.android.com/apk/res/android"
3    package="com.vantiv.sampleapp"
4    android:versionCode="1"
5    android:versionName="1.0" >
6
7    <uses-sdk
8        android:minSdkVersion="29"
8-->src\main\AndroidManifest.xml
9        android:targetSdkVersion="34" />
9-->src\main\AndroidManifest.xml
10
11    <uses-permission android:name="android.permission.BLUETOOTH" />
11-->src\main\AndroidManifest.xml:4:5-67
11-->src\main\AndroidManifest.xml:4:22-65
12    <uses-permission android:name="android.permission.BLUETOOTH_ADMIN" />
12-->src\main\AndroidManifest.xml:5:5-73
12-->src\main\AndroidManifest.xml:5:22-71
13    <uses-permission
13-->src\main\AndroidManifest.xml:6:5-72
14        android:name="android.permission.BLUETOOTH_SCAN"
14-->src\main\AndroidManifest.xml:6:22-70
15        android:usesPermissionFlags="neverForLocation" />
15-->[:roamreaderunifiedapi-2.5.2.1-release:] AndroidManifest.xml:20:9-55
16    <uses-permission android:name="android.permission.BLUETOOTH_CONNECT" />
16-->src\main\AndroidManifest.xml:7:5-75
16-->src\main\AndroidManifest.xml:7:22-73
17    <uses-permission android:name="android.permission.WAKE_LOCK" />
17-->[androidx.work:work-runtime:2.8.1] AndroidManifest.xml:23:5-68
17-->[androidx.work:work-runtime:2.8.1] AndroidManifest.xml:23:22-65
18    <uses-permission android:name="android.permission.ACCESS_NETWORK_STATE" />
18-->[androidx.work:work-runtime:2.8.1] AndroidManifest.xml:24:5-79
18-->[androidx.work:work-runtime:2.8.1] AndroidManifest.xml:24:22-76
19    <uses-permission android:name="android.permission.RECEIVE_BOOT_COMPLETED" />
19-->[androidx.work:work-runtime:2.8.1] AndroidManifest.xml:25:5-81
19-->[androidx.work:work-runtime:2.8.1] AndroidManifest.xml:25:22-78
20    <uses-permission android:name="android.permission.FOREGROUND_SERVICE" />
20-->[androidx.work:work-runtime:2.8.1] AndroidManifest.xml:26:5-77
20-->[androidx.work:work-runtime:2.8.1] AndroidManifest.xml:26:22-74
21    <uses-permission android:name="android.permission.INTERNET" />
21-->[:roamreaderunifiedapi-2.5.2.1-release:] AndroidManifest.xml:10:5-67
21-->[:roamreaderunifiedapi-2.5.2.1-release:] AndroidManifest.xml:10:22-64
22    <uses-permission android:name="android.permission.RECORD_AUDIO" />
22-->[:roamreaderunifiedapi-2.5.2.1-release:] AndroidManifest.xml:12:5-71
22-->[:roamreaderunifiedapi-2.5.2.1-release:] AndroidManifest.xml:12:22-68
23    <uses-permission android:name="android.permission.MODIFY_AUDIO_SETTINGS" />
23-->[:roamreaderunifiedapi-2.5.2.1-release:] AndroidManifest.xml:13:5-80
23-->[:roamreaderunifiedapi-2.5.2.1-release:] AndroidManifest.xml:13:22-77
24    <uses-permission android:name="android.permission.READ_PHONE_STATE" />
24-->[:roamreaderunifiedapi-2.5.2.1-release:] AndroidManifest.xml:14:5-75
24-->[:roamreaderunifiedapi-2.5.2.1-release:] AndroidManifest.xml:14:22-72
25    <uses-permission
25-->[:roamreaderunifiedapi-2.5.2.1-release:] AndroidManifest.xml:21:5-23:38
26        android:name="android.permission.WRITE_EXTERNAL_STORAGE"
26-->[:roamreaderunifiedapi-2.5.2.1-release:] AndroidManifest.xml:22:9-65
27        android:maxSdkVersion="32" />
27-->[:roamreaderunifiedapi-2.5.2.1-release:] AndroidManifest.xml:23:9-35
28    <uses-permission android:name="android.permission.READ_EXTERNAL_STORAGE" />
29    <uses-permission android:name="android.permission.ACCESS_COARSE_LOCATION" />
29-->[:triposmobilesdk-release:] AndroidManifest.xml:13:5-81
29-->[:triposmobilesdk-release:] AndroidManifest.xml:13:22-78
30    <uses-permission android:name="android.permission.ACCESS_FINE_LOCATION" />
30-->[:triposmobilesdk-release:] AndroidManifest.xml:14:5-79
30-->[:triposmobilesdk-release:] AndroidManifest.xml:14:22-76
31    <uses-permission android:name="android.permission.ACCESS_BACKGROUND_LOCATION" />
31-->[:triposmobilesdk-release:] AndroidManifest.xml:15:5-85
31-->[:triposmobilesdk-release:] AndroidManifest.xml:15:22-82
32    <uses-permission android:name="android.permission.FOREGROUND_SERVICE_CONNECTED_DEVICE" />
32-->[:triposmobilesdk-release:] AndroidManifest.xml:17:5-94
32-->[:triposmobilesdk-release:] AndroidManifest.xml:17:22-91
33    <uses-permission android:name="android.permission.POST_NOTIFICATIONS" />
33-->[:triposmobilesdk-release:] AndroidManifest.xml:18:5-77
33-->[:triposmobilesdk-release:] AndroidManifest.xml:18:22-74
34
35    <uses-feature android:name="android.hardware.usb.host" />
35-->[:triposmobilesdk-release:] AndroidManifest.xml:20:5-62
35-->[:triposmobilesdk-release:] AndroidManifest.xml:20:19-59
36
37    <uses-permission android:name="android.permission.ACCESS_WIFI_STATE" />
37-->[:PclServiceLib_2.21.02:] AndroidManifest.xml:13:5-76
37-->[:PclServiceLib_2.21.02:] AndroidManifest.xml:13:22-73
38    <uses-permission android:name="android.permission.CHANGE_WIFI_MULTICAST_STATE" />
38-->[:PclUtilities_2.21.02:] AndroidManifest.xml:10:5-86
38-->[:PclUtilities_2.21.02:] AndroidManifest.xml:10:22-83
39    <uses-permission android:name="com.ingenico.retail.ux" />
39-->[:retail-types-release-22.01.06.01-0010:] AndroidManifest.xml:9:5-62
39-->[:retail-types-release-22.01.06.01-0010:] AndroidManifest.xml:9:22-59
40    <uses-permission android:name="android.permission.REORDER_TASKS" />
40-->[:retail-types-release-22.01.06.01-0010:] AndroidManifest.xml:10:5-72
40-->[:retail-types-release-22.01.06.01-0010:] AndroidManifest.xml:10:22-69
41
42    <permission
42-->[androidx.core:core:1.9.0] AndroidManifest.xml:22:5-24:47
43        android:name="com.vantiv.sampleapp.DYNAMIC_RECEIVER_NOT_EXPORTED_PERMISSION"
43-->[androidx.core:core:1.9.0] AndroidManifest.xml:23:9-81
44        android:protectionLevel="signature" />
44-->[androidx.core:core:1.9.0] AndroidManifest.xml:24:9-44
45
46    <uses-permission android:name="com.vantiv.sampleapp.DYNAMIC_RECEIVER_NOT_EXPORTED_PERMISSION" />
46-->[androidx.core:core:1.9.0] AndroidManifest.xml:26:5-97
46-->[androidx.core:core:1.9.0] AndroidManifest.xml:26:22-94
47
48    <application
48-->src\main\AndroidManifest.xml:9:5-31:19
49        android:allowBackup="true"
49-->src\main\AndroidManifest.xml:9:18-44
50        android:appComponentFactory="androidx.core.app.CoreComponentFactory"
50-->[androidx.core:core:1.9.0] AndroidManifest.xml:28:18-86
51        android:debuggable="true"
52        android:extractNativeLibs="false"
53        android:icon="@mipmap/ic_launcher"
53-->src\main\AndroidManifest.xml:9:45-79
54        android:label="@string/app_name"
54-->src\main\AndroidManifest.xml:10:9-41
55        android:roundIcon="@mipmap/ic_launcher"
55-->src\main\AndroidManifest.xml:10:42-81
56        android:supportsRtl="true"
56-->src\main\AndroidManifest.xml:11:9-35
57        android:theme="@style/AppTheme" >
57-->src\main\AndroidManifest.xml:11:36-67
58        <activity
58-->src\main\AndroidManifest.xml:12:9-20:20
59            android:name="com.vantiv.sampleapp.master.MasterActivity"
59-->src\main\AndroidManifest.xml:12:19-56
60            android:exported="true"
60-->src\main\AndroidManifest.xml:14:13-36
61            android:label="@string/app_name"
61-->src\main\AndroidManifest.xml:12:57-89
62            android:theme="@style/AppTheme.NoActionBar" >
62-->src\main\AndroidManifest.xml:13:13-56
63            <intent-filter>
63-->src\main\AndroidManifest.xml:15:13-19:29
64                <action android:name="android.intent.action.MAIN" />
64-->src\main\AndroidManifest.xml:16:17-69
64-->src\main\AndroidManifest.xml:16:25-66
65
66                <category android:name="android.intent.category.LAUNCHER" />
66-->src\main\AndroidManifest.xml:18:17-77
66-->src\main\AndroidManifest.xml:18:27-74
67            </intent-filter>
68        </activity>
69        <activity
69-->src\main\AndroidManifest.xml:21:9-26:20
70            android:name="com.vantiv.sampleapp.master.DetailActivity"
70-->src\main\AndroidManifest.xml:21:19-56
71            android:label="@string/title_item_detail"
71-->src\main\AndroidManifest.xml:21:57-98
72            android:parentActivityName="com.vantiv.sampleapp.master.MasterActivity"
72-->src\main\AndroidManifest.xml:22:13-64
73            android:theme="@style/AppTheme.NoActionBar" >
73-->src\main\AndroidManifest.xml:23:13-56
74            <meta-data
74-->src\main\AndroidManifest.xml:24:13-25:78
75                android:name="android.support.PARENT_ACTIVITY"
75-->src\main\AndroidManifest.xml:24:24-70
76                android:value="com.vantiv.sampleapp.master.MasterActivity" />
76-->src\main\AndroidManifest.xml:25:17-75
77        </activity>
78        <activity
78-->src\main\AndroidManifest.xml:27:9-30:20
79            android:name="com.vantiv.sampleapp.master.HostedPaymentsWebViewActivity"
79-->src\main\AndroidManifest.xml:28:13-65
80            android:windowSoftInputMode="adjustPan" >
80-->src\main\AndroidManifest.xml:29:13-52
81        </activity>
82
83        <provider
83-->[androidx.work:work-runtime:2.8.1] AndroidManifest.xml:29:9-37:20
84            android:name="androidx.startup.InitializationProvider"
84-->[androidx.work:work-runtime:2.8.1] AndroidManifest.xml:30:13-67
85            android:authorities="com.vantiv.sampleapp.androidx-startup"
85-->[androidx.work:work-runtime:2.8.1] AndroidManifest.xml:31:13-68
86            android:exported="false" >
86-->[androidx.work:work-runtime:2.8.1] AndroidManifest.xml:32:13-37
87            <meta-data
87-->[androidx.work:work-runtime:2.8.1] AndroidManifest.xml:34:13-36:52
88                android:name="androidx.work.WorkManagerInitializer"
88-->[androidx.work:work-runtime:2.8.1] AndroidManifest.xml:35:17-68
89                android:value="androidx.startup" />
89-->[androidx.work:work-runtime:2.8.1] AndroidManifest.xml:36:17-49
90            <meta-data
90-->[androidx.emoji2:emoji2:1.2.0] AndroidManifest.xml:29:13-31:52
91                android:name="androidx.emoji2.text.EmojiCompatInitializer"
91-->[androidx.emoji2:emoji2:1.2.0] AndroidManifest.xml:30:17-75
92                android:value="androidx.startup" />
92-->[androidx.emoji2:emoji2:1.2.0] AndroidManifest.xml:31:17-49
93            <meta-data
93-->[androidx.lifecycle:lifecycle-process:2.4.1] AndroidManifest.xml:31:13-33:52
94                android:name="androidx.lifecycle.ProcessLifecycleInitializer"
94-->[androidx.lifecycle:lifecycle-process:2.4.1] AndroidManifest.xml:32:17-78
95                android:value="androidx.startup" />
95-->[androidx.lifecycle:lifecycle-process:2.4.1] AndroidManifest.xml:33:17-49
96        </provider>
97
98        <service
98-->[androidx.work:work-runtime:2.8.1] AndroidManifest.xml:39:9-45:35
99            android:name="androidx.work.impl.background.systemalarm.SystemAlarmService"
99-->[androidx.work:work-runtime:2.8.1] AndroidManifest.xml:40:13-88
100            android:directBootAware="false"
100-->[androidx.work:work-runtime:2.8.1] AndroidManifest.xml:41:13-44
101            android:enabled="@bool/enable_system_alarm_service_default"
101-->[androidx.work:work-runtime:2.8.1] AndroidManifest.xml:42:13-72
102            android:exported="false" />
102-->[androidx.work:work-runtime:2.8.1] AndroidManifest.xml:43:13-37
103        <service
103-->[androidx.work:work-runtime:2.8.1] AndroidManifest.xml:46:9-52:35
104            android:name="androidx.work.impl.background.systemjob.SystemJobService"
104-->[androidx.work:work-runtime:2.8.1] AndroidManifest.xml:47:13-84
105            android:directBootAware="false"
105-->[androidx.work:work-runtime:2.8.1] AndroidManifest.xml:48:13-44
106            android:enabled="@bool/enable_system_job_service_default"
106-->[androidx.work:work-runtime:2.8.1] AndroidManifest.xml:49:13-70
107            android:exported="true"
107-->[androidx.work:work-runtime:2.8.1] AndroidManifest.xml:50:13-36
108            android:permission="android.permission.BIND_JOB_SERVICE" />
108-->[androidx.work:work-runtime:2.8.1] AndroidManifest.xml:51:13-69
109        <service
109-->[androidx.work:work-runtime:2.8.1] AndroidManifest.xml:53:9-59:35
110            android:name="androidx.work.impl.foreground.SystemForegroundService"
110-->[androidx.work:work-runtime:2.8.1] AndroidManifest.xml:54:13-81
111            android:directBootAware="false"
111-->[androidx.work:work-runtime:2.8.1] AndroidManifest.xml:55:13-44
112            android:enabled="@bool/enable_system_foreground_service_default"
112-->[androidx.work:work-runtime:2.8.1] AndroidManifest.xml:56:13-77
113            android:exported="false" />
113-->[androidx.work:work-runtime:2.8.1] AndroidManifest.xml:57:13-37
114
115        <receiver
115-->[androidx.work:work-runtime:2.8.1] AndroidManifest.xml:61:9-66:35
116            android:name="androidx.work.impl.utils.ForceStopRunnable$BroadcastReceiver"
116-->[androidx.work:work-runtime:2.8.1] AndroidManifest.xml:62:13-88
117            android:directBootAware="false"
117-->[androidx.work:work-runtime:2.8.1] AndroidManifest.xml:63:13-44
118            android:enabled="true"
118-->[androidx.work:work-runtime:2.8.1] AndroidManifest.xml:64:13-35
119            android:exported="false" />
119-->[androidx.work:work-runtime:2.8.1] AndroidManifest.xml:65:13-37
120        <receiver
120-->[androidx.work:work-runtime:2.8.1] AndroidManifest.xml:67:9-77:20
121            android:name="androidx.work.impl.background.systemalarm.ConstraintProxy$BatteryChargingProxy"
121-->[androidx.work:work-runtime:2.8.1] AndroidManifest.xml:68:13-106
122            android:directBootAware="false"
122-->[androidx.work:work-runtime:2.8.1] AndroidManifest.xml:69:13-44
123            android:enabled="false"
123-->[androidx.work:work-runtime:2.8.1] AndroidManifest.xml:70:13-36
124            android:exported="false" >
124-->[androidx.work:work-runtime:2.8.1] AndroidManifest.xml:71:13-37
125            <intent-filter>
125-->[androidx.work:work-runtime:2.8.1] AndroidManifest.xml:73:13-76:29
126                <action android:name="android.intent.action.ACTION_POWER_CONNECTED" />
126-->[androidx.work:work-runtime:2.8.1] AndroidManifest.xml:74:17-87
126-->[androidx.work:work-runtime:2.8.1] AndroidManifest.xml:74:25-84
127                <action android:name="android.intent.action.ACTION_POWER_DISCONNECTED" />
127-->[androidx.work:work-runtime:2.8.1] AndroidManifest.xml:75:17-90
127-->[androidx.work:work-runtime:2.8.1] AndroidManifest.xml:75:25-87
128            </intent-filter>
129        </receiver>
130        <receiver
130-->[androidx.work:work-runtime:2.8.1] AndroidManifest.xml:78:9-88:20
131            android:name="androidx.work.impl.background.systemalarm.ConstraintProxy$BatteryNotLowProxy"
131-->[androidx.work:work-runtime:2.8.1] AndroidManifest.xml:79:13-104
132            android:directBootAware="false"
132-->[androidx.work:work-runtime:2.8.1] AndroidManifest.xml:80:13-44
133            android:enabled="false"
133-->[androidx.work:work-runtime:2.8.1] AndroidManifest.xml:81:13-36
134            android:exported="false" >
134-->[androidx.work:work-runtime:2.8.1] AndroidManifest.xml:82:13-37
135            <intent-filter>
135-->[androidx.work:work-runtime:2.8.1] AndroidManifest.xml:84:13-87:29
136                <action android:name="android.intent.action.BATTERY_OKAY" />
136-->[androidx.work:work-runtime:2.8.1] AndroidManifest.xml:85:17-77
136-->[androidx.work:work-runtime:2.8.1] AndroidManifest.xml:85:25-74
137                <action android:name="android.intent.action.BATTERY_LOW" />
137-->[androidx.work:work-runtime:2.8.1] AndroidManifest.xml:86:17-76
137-->[androidx.work:work-runtime:2.8.1] AndroidManifest.xml:86:25-73
138            </intent-filter>
139        </receiver>
140        <receiver
140-->[androidx.work:work-runtime:2.8.1] AndroidManifest.xml:89:9-99:20
141            android:name="androidx.work.impl.background.systemalarm.ConstraintProxy$StorageNotLowProxy"
141-->[androidx.work:work-runtime:2.8.1] AndroidManifest.xml:90:13-104
142            android:directBootAware="false"
142-->[androidx.work:work-runtime:2.8.1] AndroidManifest.xml:91:13-44
143            android:enabled="false"
143-->[androidx.work:work-runtime:2.8.1] AndroidManifest.xml:92:13-36
144            android:exported="false" >
144-->[androidx.work:work-runtime:2.8.1] AndroidManifest.xml:93:13-37
145            <intent-filter>
145-->[androidx.work:work-runtime:2.8.1] AndroidManifest.xml:95:13-98:29
146                <action android:name="android.intent.action.DEVICE_STORAGE_LOW" />
146-->[androidx.work:work-runtime:2.8.1] AndroidManifest.xml:96:17-83
146-->[androidx.work:work-runtime:2.8.1] AndroidManifest.xml:96:25-80
147                <action android:name="android.intent.action.DEVICE_STORAGE_OK" />
147-->[androidx.work:work-runtime:2.8.1] AndroidManifest.xml:97:17-82
147-->[androidx.work:work-runtime:2.8.1] AndroidManifest.xml:97:25-79
148            </intent-filter>
149        </receiver>
150        <receiver
150-->[androidx.work:work-runtime:2.8.1] AndroidManifest.xml:100:9-109:20
151            android:name="androidx.work.impl.background.systemalarm.ConstraintProxy$NetworkStateProxy"
151-->[androidx.work:work-runtime:2.8.1] AndroidManifest.xml:101:13-103
152            android:directBootAware="false"
152-->[androidx.work:work-runtime:2.8.1] AndroidManifest.xml:102:13-44
153            android:enabled="false"
153-->[androidx.work:work-runtime:2.8.1] AndroidManifest.xml:103:13-36
154            android:exported="false" >
154-->[androidx.work:work-runtime:2.8.1] AndroidManifest.xml:104:13-37
155            <intent-filter>
155-->[androidx.work:work-runtime:2.8.1] AndroidManifest.xml:106:13-108:29
156                <action android:name="android.net.conn.CONNECTIVITY_CHANGE" />
156-->[androidx.work:work-runtime:2.8.1] AndroidManifest.xml:107:17-79
156-->[androidx.work:work-runtime:2.8.1] AndroidManifest.xml:107:25-76
157            </intent-filter>
158        </receiver>
159        <receiver
159-->[androidx.work:work-runtime:2.8.1] AndroidManifest.xml:110:9-121:20
160            android:name="androidx.work.impl.background.systemalarm.RescheduleReceiver"
160-->[androidx.work:work-runtime:2.8.1] AndroidManifest.xml:111:13-88
161            android:directBootAware="false"
161-->[androidx.work:work-runtime:2.8.1] AndroidManifest.xml:112:13-44
162            android:enabled="false"
162-->[androidx.work:work-runtime:2.8.1] AndroidManifest.xml:113:13-36
163            android:exported="false" >
163-->[androidx.work:work-runtime:2.8.1] AndroidManifest.xml:114:13-37
164            <intent-filter>
164-->[androidx.work:work-runtime:2.8.1] AndroidManifest.xml:116:13-120:29
165                <action android:name="android.intent.action.BOOT_COMPLETED" />
165-->[androidx.work:work-runtime:2.8.1] AndroidManifest.xml:117:17-79
165-->[androidx.work:work-runtime:2.8.1] AndroidManifest.xml:117:25-76
166                <action android:name="android.intent.action.TIME_SET" />
166-->[androidx.work:work-runtime:2.8.1] AndroidManifest.xml:118:17-73
166-->[androidx.work:work-runtime:2.8.1] AndroidManifest.xml:118:25-70
167                <action android:name="android.intent.action.TIMEZONE_CHANGED" />
167-->[androidx.work:work-runtime:2.8.1] AndroidManifest.xml:119:17-81
167-->[androidx.work:work-runtime:2.8.1] AndroidManifest.xml:119:25-78
168            </intent-filter>
169        </receiver>
170        <receiver
170-->[androidx.work:work-runtime:2.8.1] AndroidManifest.xml:122:9-131:20
171            android:name="androidx.work.impl.background.systemalarm.ConstraintProxyUpdateReceiver"
171-->[androidx.work:work-runtime:2.8.1] AndroidManifest.xml:123:13-99
172            android:directBootAware="false"
172-->[androidx.work:work-runtime:2.8.1] AndroidManifest.xml:124:13-44
173            android:enabled="@bool/enable_system_alarm_service_default"
173-->[androidx.work:work-runtime:2.8.1] AndroidManifest.xml:125:13-72
174            android:exported="false" >
174-->[androidx.work:work-runtime:2.8.1] AndroidManifest.xml:126:13-37
175            <intent-filter>
175-->[androidx.work:work-runtime:2.8.1] AndroidManifest.xml:128:13-130:29
176                <action android:name="androidx.work.impl.background.systemalarm.UpdateProxies" />
176-->[androidx.work:work-runtime:2.8.1] AndroidManifest.xml:129:17-98
176-->[androidx.work:work-runtime:2.8.1] AndroidManifest.xml:129:25-95
177            </intent-filter>
178        </receiver>
179        <receiver
179-->[androidx.work:work-runtime:2.8.1] AndroidManifest.xml:132:9-142:20
180            android:name="androidx.work.impl.diagnostics.DiagnosticsReceiver"
180-->[androidx.work:work-runtime:2.8.1] AndroidManifest.xml:133:13-78
181            android:directBootAware="false"
181-->[androidx.work:work-runtime:2.8.1] AndroidManifest.xml:134:13-44
182            android:enabled="true"
182-->[androidx.work:work-runtime:2.8.1] AndroidManifest.xml:135:13-35
183            android:exported="true"
183-->[androidx.work:work-runtime:2.8.1] AndroidManifest.xml:136:13-36
184            android:permission="android.permission.DUMP" >
184-->[androidx.work:work-runtime:2.8.1] AndroidManifest.xml:137:13-57
185            <intent-filter>
185-->[androidx.work:work-runtime:2.8.1] AndroidManifest.xml:139:13-141:29
186                <action android:name="androidx.work.diagnostics.REQUEST_DIAGNOSTICS" />
186-->[androidx.work:work-runtime:2.8.1] AndroidManifest.xml:140:17-88
186-->[androidx.work:work-runtime:2.8.1] AndroidManifest.xml:140:25-85
187            </intent-filter>
188        </receiver>
189
190        <service
190-->[androidx.room:room-runtime:2.5.0] AndroidManifest.xml:24:9-28:63
191            android:name="androidx.room.MultiInstanceInvalidationService"
191-->[androidx.room:room-runtime:2.5.0] AndroidManifest.xml:25:13-74
192            android:directBootAware="true"
192-->[androidx.room:room-runtime:2.5.0] AndroidManifest.xml:26:13-43
193            android:exported="false" />
193-->[androidx.room:room-runtime:2.5.0] AndroidManifest.xml:27:13-37
194        <service
194-->[:triposmobilesdk-release:] AndroidManifest.xml:26:9-28:63
195            android:name="com.ingenico.pclservice.PclService"
195-->[:triposmobilesdk-release:] AndroidManifest.xml:27:13-62
196            android:foregroundServiceType="connectedDevice" />
196-->[:triposmobilesdk-release:] AndroidManifest.xml:28:13-60
197        <service
197-->[:triposmobilesdk-release:] AndroidManifest.xml:29:9-31:63
198            android:name="com.ingenico.pclservice.BluetoothService"
198-->[:triposmobilesdk-release:] AndroidManifest.xml:30:13-68
199            android:foregroundServiceType="connectedDevice" />
199-->[:triposmobilesdk-release:] AndroidManifest.xml:31:13-60
200
201        <receiver
201-->[:triposmobilesdk-release:] AndroidManifest.xml:33:9-40:20
202            android:name="com.vantiv.triposmobilesdk.IngenicoAxiumBootBroadcastReceiver"
202-->[:triposmobilesdk-release:] AndroidManifest.xml:34:13-89
203            android:enabled="true"
203-->[:triposmobilesdk-release:] AndroidManifest.xml:35:13-35
204            android:exported="false" >
204-->[:triposmobilesdk-release:] AndroidManifest.xml:36:13-37
205            <intent-filter>
205-->[:triposmobilesdk-release:] AndroidManifest.xml:37:13-39:29
206                <action android:name="android.intent.action.BOOT_COMPLETED" />
206-->[androidx.work:work-runtime:2.8.1] AndroidManifest.xml:117:17-79
206-->[androidx.work:work-runtime:2.8.1] AndroidManifest.xml:117:25-76
207            </intent-filter>
208        </receiver>
209        <receiver
209-->[:triposmobilesdk-release:] AndroidManifest.xml:41:9-47:20
210            android:name="com.vantiv.triposmobilesdk.IngenicoAxiumUxBroadcastReceiver"
210-->[:triposmobilesdk-release:] AndroidManifest.xml:42:13-87
211            android:exported="true" >
211-->[:triposmobilesdk-release:] AndroidManifest.xml:43:13-36
212            <intent-filter>
212-->[:triposmobilesdk-release:] AndroidManifest.xml:44:13-46:29
213                <action android:name="com.ingenico.retail.ux.ACTION_UX_REQUEST" />
213-->[:triposmobilesdk-release:] AndroidManifest.xml:45:17-83
213-->[:triposmobilesdk-release:] AndroidManifest.xml:45:25-80
214            </intent-filter>
215        </receiver>
216
217        <service
217-->[:triposmobilesdk-release:] AndroidManifest.xml:49:9-52:43
218            android:name="com.vantiv.triposmobilesdk.heartbeat.CheckConnectionHeartbeatService"
218-->[:triposmobilesdk-release:] AndroidManifest.xml:50:13-96
219            android:foregroundServiceType="connectedDevice"
219-->[:triposmobilesdk-release:] AndroidManifest.xml:51:13-60
220            android:stopWithTask="true" />
220-->[:triposmobilesdk-release:] AndroidManifest.xml:52:13-40
221
222        <activity
222-->[:triposmobilesdk-release:] AndroidManifest.xml:54:9-71:20
223            android:name="com.vantiv.triposmobilesdk.UsbAccessReceiverTranslucentActivity"
223-->[:triposmobilesdk-release:] AndroidManifest.xml:55:13-91
224            android:directBootAware="true"
224-->[:triposmobilesdk-release:] AndroidManifest.xml:56:13-43
225            android:excludeFromRecents="true"
225-->[:triposmobilesdk-release:] AndroidManifest.xml:57:13-46
226            android:exported="false"
226-->[:triposmobilesdk-release:] AndroidManifest.xml:58:13-37
227            android:label="TRIPOS Mobile SDK"
227-->[:triposmobilesdk-release:] AndroidManifest.xml:59:13-46
228            android:launchMode="singleTask"
228-->[:triposmobilesdk-release:] AndroidManifest.xml:60:13-44
229            android:noHistory="true"
229-->[:triposmobilesdk-release:] AndroidManifest.xml:61:13-37
230            android:taskAffinity="SDK.UsbAccessReceiverTranslucentActivity"
230-->[:triposmobilesdk-release:] AndroidManifest.xml:62:13-76
231            android:theme="@android:style/Theme.Translucent.NoTitleBar" >
231-->[:triposmobilesdk-release:] AndroidManifest.xml:63:13-72
232            <intent-filter>
232-->[:triposmobilesdk-release:] AndroidManifest.xml:64:13-66:29
233                <action android:name="android.hardware.usb.action.USB_DEVICE_ATTACHED" />
233-->[:triposmobilesdk-release:] AndroidManifest.xml:65:17-90
233-->[:triposmobilesdk-release:] AndroidManifest.xml:65:25-87
234            </intent-filter>
235
236            <meta-data
236-->[:triposmobilesdk-release:] AndroidManifest.xml:68:13-70:57
237                android:name="android.hardware.usb.action.USB_DEVICE_ATTACHED"
237-->[:triposmobilesdk-release:] AndroidManifest.xml:69:17-79
238                android:resource="@xml/device_filter" />
238-->[:triposmobilesdk-release:] AndroidManifest.xml:70:17-54
239        </activity>
240    </application>
241
242</manifest>